Arguments: 
  C:\Program Files\nodejs\node.exe C:\Users\vselv\AppData\Roaming\npm\node_modules\yarn\bin\yarn.js add easel.js

PATH: 
  C:\Program Files\Microsoft MPI\Bin\;C:\Program Files (x86)\Intel\iCLS Client\;C:\Program Files\Intel\iCLS Client\;C:\windows\system32;C:\windows;C:\windows\System32\Wbem;C:\windows\System32\WindowsPowerShell\v1.0\;C:\Program Files (x86)\Intel\Intel(R) Management Engine Components\DAL;C:\Program Files\Intel\Intel(R) Management Engine Components\DAL;C:\Program Files (x86)\Intel\Intel(R) Management Engine Components\IPT;C:\Program Files\Intel\Intel(R) Management Engine Components\IPT;C:\Program Files (x86)\NVIDIA Corporation\PhysX\Common;C:\Program Files\Git\cmd;C:\Program Files\dotnet\;C:\Program Files\Microsoft SQL Server\130\Tools\Binn\;C:\Program Files\nodejs\;C:\Program Files\Intel\WiFi\bin\;C:\Program Files\Common Files\Intel\WirelessCommon\;%SystemRoot%\system32;%SystemRoot%;%SystemRoot%\System32\Wbem;%SYSTEMROOT%\System32\WindowsPowerShell\v1.0\;%SYSTEMROOT%\System32\OpenSSH\;C:\Users\vselv\AppData\Local\Microsoft\WindowsApps;C:\Program Files\Microsoft VS Code\bin;C:\Users\vselv\AppData\Local\GitHubDesktop\bin;C:\Users\vselv\AppData\Roaming\npm;C:\Users\vselv\AppData\Local\atom\bin;%USERPROFILE%\AppData\Local\Microsoft\WindowsApps;

Yarn version: 
  1.7.0

Node version: 
  10.1.0

Platform: 
  win32 x64

Trace: 
  Error: https://registry.yarnpkg.com/easel.js: Not found
      at Request.params.callback [as _callback] (C:\Users\vselv\AppData\Roaming\npm\node_modules\yarn\lib\cli.js:65656:18)
      at Request.self.callback (C:\Users\vselv\AppData\Roaming\npm\node_modules\yarn\lib\cli.js:134675:22)
      at Request.emit (events.js:182:13)
      at Request.<anonymous> (C:\Users\vselv\AppData\Roaming\npm\node_modules\yarn\lib\cli.js:135658:10)
      at Request.emit (events.js:182:13)
      at IncomingMessage.<anonymous> (C:\Users\vselv\AppData\Roaming\npm\node_modules\yarn\lib\cli.js:135578:12)
      at Object.onceWrapper (events.js:273:13)
      at IncomingMessage.emit (events.js:187:15)
      at endReadableNT (_stream_readable.js:1086:12)
      at process._tickCallback (internal/process/next_tick.js:63:19)

npm manifest: 
  {
    "name": "comp125-s2018-lesson8",
    "version": "0.0.1",
    "description": "COMP125 Demo for OOP",
    "main": "index.js",
    "author": "Tom Tsiliopoulos",
    "license": "MIT",
    "dependencies": {
      "bootstrap": "^4.1.1",
      "easeljs": "^1.0.2",
      "font-awesome": "^4.7.0",
      "jquery": "^3.3.1",
      "popper.js": "^1.14.3",
      "preloadjs": "^1.0.1",
      "soundjs": "^1.0.1",
      "tweenjs": "^1.0.2"
    },
    "devDependencies": {
      "@types/easeljs": "^1.0.0",
      "@types/jquery": "^3.3.4",
      "@types/preloadjs": "^0.6.32",
      "@types/soundjs": "^0.6.27",
      "@types/tweenjs": "^1.0.0"
    }
  }

yarn manifest: 
  No manifest

Lockfile: 
  # THIS IS AN AUTOGENERATED FILE. DO NOT EDIT THIS FILE DIRECTLY.
  # yarn lockfile v1
  
  
  "@types/createjs-lib@*":
    version "0.0.29"
    resolved "https://registry.yarnpkg.com/@types/createjs-lib/-/createjs-lib-0.0.29.tgz#fae82e3ba8606663b190e789cec7d9c728fc41d7"
  
  "@types/easeljs@^1.0.0":
    version "1.0.0"
    resolved "https://registry.yarnpkg.com/@types/easeljs/-/easeljs-1.0.0.tgz#b339ca0a8d0148819831b0140254d697fd46d974"
    dependencies:
      "@types/createjs-lib" "*"
      "@types/tweenjs" "*"
  
  "@types/jquery@^3.3.4":
    version "3.3.4"
    resolved "https://registry.yarnpkg.com/@types/jquery/-/jquery-3.3.4.tgz#f1850fb9a70041a14ace4f81a7ed782db8548317"
  
  "@types/preloadjs@*", "@types/preloadjs@^0.6.32":
    version "0.6.32"
    resolved "https://registry.yarnpkg.com/@types/preloadjs/-/preloadjs-0.6.32.tgz#12cff7c7f92e3838a780d438ce49c8cec981830d"
    dependencies:
      "@types/createjs-lib" "*"
  
  "@types/soundjs@^0.6.27":
    version "0.6.27"
    resolved "https://registry.yarnpkg.com/@types/soundjs/-/soundjs-0.6.27.tgz#dd2370350eaf7277de5ed55940e3e7d2a016b124"
    dependencies:
      "@types/createjs-lib" "*"
      "@types/preloadjs" "*"
  
  "@types/tweenjs@*", "@types/tweenjs@^1.0.0":
    version "1.0.0"
    resolved "https://registry.yarnpkg.com/@types/tweenjs/-/tweenjs-1.0.0.tgz#a27b9e6abe27bac19ebbdb7de1d98c31ac40c064"
    dependencies:
      "@types/createjs-lib" "*"
  
  bootstrap@^4.1.1:
    version "4.1.1"
    resolved "https://registry.yarnpkg.com/bootstrap/-/bootstrap-4.1.1.tgz#3aec85000fa619085da8d2e4983dfd67cf2114cb"
  
  easeljs@^1.0.2:
    version "1.0.2"
    resolved "https://registry.yarnpkg.com/easeljs/-/easeljs-1.0.2.tgz#68fdcc69d0f217394e2ebf51ae047428a81240de"
  
  font-awesome@^4.7.0:
    version "4.7.0"
    resolved "https://registry.yarnpkg.com/font-awesome/-/font-awesome-4.7.0.tgz#8fa8cf0411a1a31afd07b06d2902bb9fc815a133"
  
  jquery@^3.3.1:
    version "3.3.1"
    resolved "https://registry.yarnpkg.com/jquery/-/jquery-3.3.1.tgz#958ce29e81c9790f31be7792df5d4d95fc57fbca"
  
  popper.js@^1.14.3:
    version "1.14.3"
    resolved "https://registry.yarnpkg.com/popper.js/-/popper.js-1.14.3.tgz#1438f98d046acf7b4d78cd502bf418ac64d4f095"
  
  preloadjs@^1.0.1:
    version "1.0.1"
    resolved "https://registry.yarnpkg.com/preloadjs/-/preloadjs-1.0.1.tgz#71d14e94a8c94b1f6def2b01891d6bcd7e788c5d"
  
  soundjs@^1.0.1:
    version "1.0.1"
    resolved "https://registry.yarnpkg.com/soundjs/-/soundjs-1.0.1.tgz#99970542d28d0df2a1ebd061ae75c961a98c8180"
  
  tweenjs@^1.0.2:
    version "1.0.2"
    resolved "https://registry.yarnpkg.com/tweenjs/-/tweenjs-1.0.2.tgz#768869c4d4ba91fdb4c5ccc661969c58138555af"
